08-01-2016 @ 17:54:12 - Queuing 2.6.0 - wc_update_260_options
08-01-2016 @ 17:54:12 - Queuing 2.6.0 - wc_update_260_termmeta
08-01-2016 @ 17:54:12 - Queuing 2.6.0 - wc_update_260_zones
08-01-2016 @ 17:54:12 - Queuing 2.6.0 - wc_update_260_zone_methods
08-01-2016 @ 17:54:12 - Queuing 2.6.0 - wc_update_260_refunds
08-01-2016 @ 17:54:12 - Queuing 2.6.0 - wc_update_260_db_version
08-01-2016 @ 17:54:13 - Running wc_update_260_options callback
08-01-2016 @ 17:54:13 - Finished wc_update_260_options callback
08-01-2016 @ 17:54:13 - Running wc_update_260_termmeta callback
08-01-2016 @ 17:54:13 - Finished wc_update_260_termmeta callback
08-01-2016 @ 17:54:13 - Running wc_update_260_zones callback
08-01-2016 @ 17:54:13 - Finished wc_update_260_zones callback
08-01-2016 @ 17:54:13 - Running wc_update_260_zone_methods callback
08-01-2016 @ 17:54:13 - Finished wc_update_260_zone_methods callback
08-01-2016 @ 17:54:13 - Running wc_update_260_refunds callback
08-01-2016 @ 17:54:13 - Finished wc_update_260_refunds callback
08-01-2016 @ 17:54:13 - Running wc_update_260_db_version callback
08-01-2016 @ 17:54:13 - Finished wc_update_260_db_version callback
08-01-2016 @ 17:54:13 - Data update complete
2017-08-24T11:05:51+00:00 INFO Queuing 3.0.0 - wc_update_300_webhooks
2017-08-24T11:05:51+00:00 INFO Queuing 3.0.0 - wc_update_300_grouped_products
2017-08-24T11:05:51+00:00 INFO Queuing 3.0.0 - wc_update_300_settings
2017-08-24T11:05:51+00:00 INFO Queuing 3.0.0 - wc_update_300_product_visibility
2017-08-24T11:05:51+00:00 INFO Queuing 3.0.0 - wc_update_300_db_version
2017-08-24T11:05:51+00:00 INFO Queuing 3.1.0 - wc_update_310_downloadable_products
2017-08-24T11:05:51+00:00 INFO Queuing 3.1.0 - wc_update_310_old_comments
2017-08-24T11:05:51+00:00 INFO Queuing 3.1.0 - wc_update_310_db_version
2017-08-24T11:05:51+00:00 INFO Queuing 3.1.2 - wc_update_312_shop_manager_capabilities
2017-08-24T11:05:51+00:00 INFO Queuing 3.1.2 - wc_update_312_db_version
2017-08-24T11:05:53+00:00 INFO Running wc_update_300_webhooks callback
2017-08-24T11:05:53+00:00 INFO Finished wc_update_300_webhooks callback
2017-08-24T11:05:53+00:00 INFO Running wc_update_300_grouped_products callback
2017-08-24T11:05:53+00:00 INFO Finished wc_update_300_grouped_products callback
2017-08-24T11:05:53+00:00 INFO Running wc_update_300_settings callback
2017-08-24T11:05:53+00:00 INFO Finished wc_update_300_settings callback
2017-08-24T11:05:53+00:00 INFO Running wc_update_300_product_visibility callback
2017-08-24T11:05:53+00:00 INFO Finished wc_update_300_product_visibility callback
2017-08-24T11:05:53+00:00 INFO Running wc_update_300_db_version callback
2017-08-24T11:05:53+00:00 INFO Finished wc_update_300_db_version callback
2017-08-24T11:05:53+00:00 INFO Running wc_update_310_downloadable_products callback
2017-08-24T11:05:53+00:00 INFO Finished wc_update_310_downloadable_products callback
2017-08-24T11:05:53+00:00 INFO Running wc_update_310_old_comments callback
2017-08-24T11:05:53+00:00 INFO Finished wc_update_310_old_comments callback
2017-08-24T11:05:53+00:00 INFO Running wc_update_310_db_version callback
2017-08-24T11:05:53+00:00 INFO Finished wc_update_310_db_version callback
2017-08-24T11:05:53+00:00 INFO Running wc_update_312_shop_manager_capabilities callback
2017-08-24T11:05:53+00:00 INFO Finished wc_update_312_shop_manager_capabilities callback
2017-08-24T11:05:53+00:00 INFO Running wc_update_312_db_version callback
2017-08-24T11:05:53+00:00 INFO Finished wc_update_312_db_version callback
2017-08-24T11:05:53+00:00 INFO Data update complete
